# JRE version: Java(TM) SE Runtime Environment (8.0_421) (build 1.8.0_421-b09)
# Java VM: Java HotSpot(TM) 64-Bit Server VM (25.421-b09 mixed mode windows-amd64 compressed oops)
Heap:
 PSYoungGen      total 105472K, used 44427K [0x000000076c500000, 0x0000000775080000, 0x00000007c0000000)
  eden space 71168K, 27% used [0x000000076c500000,0x000000076d81fd68,0x0000000770a80000)
  from space 34304K, 72% used [0x0000000772f00000,0x0000000774743060,0x0000000775080000)
  to   space 35840K, 0% used [0x0000000770a80000,0x0000000770a80000,0x0000000772d80000)
 ParOldGen       total 75264K, used 53900K [0x00000006c4e00000, 0x00000006c9780000, 0x000000076c500000)
  object space 75264K, 71% used [0x00000006c4e00000,0x00000006c82a3170,0x00000006c9780000)
 Metaspace       used 13690K, capacity 13922K, committed 14208K, reserved 1062912K
  class space    used 1491K, capacity 1541K, committed 1664K, reserved 1048576K
GC Heap History (10 events):
Event: 15300.958 GC heap before
{Heap before GC invocations=185 (full 1):
 PSYoungGen      total 105472K, used 105276K [0x000000076c500000, 0x0000000775a80000, 0x00000007c0000000)
  eden space 80384K, 100% used [0x000000076c500000,0x0000000771380000,0x0000000771380000)
  from space 25088K, 99% used [0x0000000771580000,0x0000000772dcf070,0x0000000772e00000)
  to   space 36352K, 0% used [0x0000000773700000,0x0000000773700000,0x0000000775a80000)
 ParOldGen       total 75264K, used 53684K [0x00000006c4e00000, 0x00000006c9780000, 0x000000076c500000)
  object space 75264K, 71% used [0x00000006c4e00000,0x00000006c826d130,0x00000006c9780000)
 Metaspace       used 13690K, capacity 13922K, committed 14208K, reserved 1062912K
  class space    used 1491K, capacity 1541K, committed 1664K, reserved 1048576K
Event: 15300.962 GC heap after
Heap after GC invocations=185 (full 1):
 PSYoungGen      total 111616K, used 24908K [0x000000076c500000, 0x0000000775780000, 0x00000007c0000000)
  eden space 78336K, 0% used [0x000000076c500000,0x000000076c500000,0x0000000771180000)
  from space 33280K, 74% used [0x0000000773700000,0x0000000774f53060,0x0000000775780000)
  to   space 35840K, 0% used [0x0000000771180000,0x0000000771180000,0x0000000773480000)
 ParOldGen       total 75264K, used 53748K [0x00000006c4e00000, 0x00000006c9780000, 0x000000076c500000)
  object space 75264K, 71% used [0x00000006c4e00000,0x00000006c827d150,0x00000006c9780000)
 Metaspace       used 13690K, capacity 13922K, committed 14208K, reserved 1062912K
  class space    used 1491K, capacity 1541K, committed 1664K, reserved 1048576K
}
Event: 15301.607 GC heap before
{Heap before GC invocations=186 (full 1):
 PSYoungGen      total 111616K, used 100955K [0x000000076c500000, 0x0000000775780000, 0x00000007c0000000)
  eden space 78336K, 97% used [0x000000076c500000,0x0000000770f43f90,0x0000000771180000)
  from space 33280K, 74% used [0x0000000773700000,0x0000000774f53060,0x0000000775780000)
  to   space 35840K, 0% used [0x0000000771180000,0x0000000771180000,0x0000000773480000)
 ParOldGen       total 75264K, used 53748K [0x00000006c4e00000, 0x00000006c9780000, 0x000000076c500000)
  object space 75264K, 71% used [0x00000006c4e00000,0x00000006c827d150,0x00000006c9780000)
 Metaspace       used 13690K, capacity 13922K, committed 14208K, reserved 1062912K
  class space    used 1491K, capacity 1541K, committed 1664K, reserved 1048576K
Event: 15301.611 GC heap after
Heap after GC invocations=186 (full 1):
 PSYoungGen      total 89088K, used 12486K [0x000000076c500000, 0x0000000775680000, 0x00000007c0000000)
  eden space 76288K, 0% used [0x000000076c500000,0x000000076c500000,0x0000000770f80000)
  from space 12800K, 97% used [0x0000000771180000,0x0000000771db1830,0x0000000771e00000)
  to   space 36352K, 0% used [0x0000000773300000,0x0000000773300000,0x0000000775680000)
 ParOldGen       total 75264K, used 53852K [0x00000006c4e00000, 0x00000006c9780000, 0x000000076c500000)
  object space 75264K, 71% used [0x00000006c4e00000,0x00000006c8297170,0x00000006c9780000)
 Metaspace       used 13690K, capacity 13922K, committed 14208K, reserved 1062912K
  class space    used 1491K, capacity 1541K, committed 1664K, reserved 1048576K
}
Event: 15301.970 GC heap before
{Heap before GC invocations=187 (full 1):
 PSYoungGen      total 89088K, used 88774K [0x000000076c500000, 0x0000000775680000, 0x00000007c0000000)
  eden space 76288K, 100% used [0x000000076c500000,0x0000000770f80000,0x0000000770f80000)
  from space 12800K, 97% used [0x0000000771180000,0x0000000771db1830,0x0000000771e00000)
  to   space 36352K, 0% used [0x0000000773300000,0x0000000773300000,0x0000000775680000)
 ParOldGen       total 75264K, used 53852K [0x00000006c4e00000, 0x00000006c9780000, 0x000000076c500000)
  object space 75264K, 71% used [0x00000006c4e00000,0x00000006c8297170,0x00000006c9780000)
 Metaspace       used 13690K, capacity 13922K, committed 14208K, reserved 1062912K
  class space    used 1491K, capacity 1541K, committed 1664K, reserved 1048576K
Event: 15301.978 GC heap after
Heap after GC invocations=187 (full 1):
 PSYoungGen      total 108544K, used 24844K [0x000000076c500000, 0x0000000775480000, 0x00000007c0000000)
  eden space 74240K, 0% used [0x000000076c500000,0x000000076c500000,0x0000000770d80000)
  from space 34304K, 72% used [0x0000000773300000,0x0000000774b43060,0x0000000775480000)
  to   space 36352K, 0% used [0x0000000770d80000,0x0000000770d80000,0x0000000773100000)
 ParOldGen       total 75264K, used 53876K [0x00000006c4e00000, 0x00000006c9780000, 0x000000076c500000)
  object space 75264K, 71% used [0x00000006c4e00000,0x00000006c829d170,0x00000006c9780000)
 Metaspace       used 13690K, capacity 13922K, committed 14208K, reserved 1062912K
  class space    used 1491K, capacity 1541K, committed 1664K, reserved 1048576K
}
Event: 15302.631 GC heap before
{Heap before GC invocations=188 (full 1):
 PSYoungGen      total 108544K, used 99084K [0x000000076c500000, 0x0000000775480000, 0x00000007c0000000)
  eden space 74240K, 100% used [0x000000076c500000,0x0000000770d80000,0x0000000770d80000)
  from space 34304K, 72% used [0x0000000773300000,0x0000000774b43060,0x0000000775480000)
  to   space 36352K, 0% used [0x0000000770d80000,0x0000000770d80000,0x0000000773100000)
 ParOldGen       total 75264K, used 53876K [0x00000006c4e00000, 0x00000006c9780000, 0x000000076c500000)
  object space 75264K, 71% used [0x00000006c4e00000,0x00000006c829d170,0x00000006c9780000)
 Metaspace       used 13690K, capacity 13922K, committed 14208K, reserved 1062912K
  class space    used 1491K, capacity 1541K, committed 1664K, reserved 1048576K
Event: 15302.635 GC heap after
Heap after GC invocations=188 (full 1):
 PSYoungGen      total 97792K, used 24876K [0x000000076c500000, 0x0000000775200000, 0x00000007c0000000)
  eden space 72704K, 0% used [0x000000076c500000,0x000000076c500000,0x0000000770c00000)
  from space 25088K, 99% used [0x0000000770d80000,0x00000007725cb060,0x0000000772600000)
  to   space 35840K, 0% used [0x0000000772f00000,0x0000000772f00000,0x0000000775200000)
 ParOldGen       total 75264K, used 53884K [0x00000006c4e00000, 0x00000006c9780000, 0x000000076c500000)
  object space 75264K, 71% used [0x00000006c4e00000,0x00000006c829f170,0x00000006c9780000)
 Metaspace       used 13690K, capacity 13922K, committed 14208K, reserved 1062912K
  class space    used 1491K, capacity 1541K, committed 1664K, reserved 1048576K
}
Event: 15303.293 GC heap before
{Heap before GC invocations=189 (full 1):
 PSYoungGen      total 97792K, used 97580K [0x000000076c500000, 0x0000000775200000, 0x00000007c0000000)
  eden space 72704K, 100% used [0x000000076c500000,0x0000000770c00000,0x0000000770c00000)
  from space 25088K, 99% used [0x0000000770d80000,0x00000007725cb060,0x0000000772600000)
  to   space 35840K, 0% used [0x0000000772f00000,0x0000000772f00000,0x0000000775200000)
 ParOldGen       total 75264K, used 53884K [0x00000006c4e00000, 0x00000006c9780000, 0x000000076c500000)
  object space 75264K, 71% used [0x00000006c4e00000,0x00000006c829f170,0x00000006c9780000)
 Metaspace       used 13690K, capacity 13922K, committed 14208K, reserved 1062912K
  class space    used 1491K, capacity 1541K, committed 1664K, reserved 1048576K
Event: 15303.296 GC heap after
Heap after GC invocations=189 (full 1):
 PSYoungGen      total 105472K, used 24844K [0x000000076c500000, 0x0000000775080000, 0x00000007c0000000)
  eden space 71168K, 0% used [0x000000076c500000,0x000000076c500000,0x0000000770a80000)
  from space 34304K, 72% used [0x0000000772f00000,0x0000000774743060,0x0000000775080000)
  to   space 35840K, 0% used [0x0000000770a80000,0x0000000770a80000,0x0000000772d80000)
 ParOldGen       total 75264K, used 53900K [0x00000006c4e00000, 0x00000006c9780000, 0x000000076c500000)
  object space 75264K, 71% used [0x00000006c4e00000,0x00000006c82a3170,0x00000006c9780000)
 Metaspace       used 13690K, capacity 13922K, committed 14208K, reserved 1062912K
  class space    used 1491K, capacity 1541K, committed 1664K, reserved 1048576K
}

