# JRE version: Java(TM) SE Runtime Environment (8.0_421) (build 1.8.0_421-b09)
# Java VM: Java HotSpot(TM) 64-Bit Server VM (25.421-b09 mixed mode windows-amd64 compressed oops)
Heap:
 PSYoungGen      total 187392K, used 169592K [0x000000076c500000, 0x000000077bb80000, 0x00000007c0000000)
  eden space 158208K, 88% used [0x000000076c500000,0x0000000774e42a40,0x0000000775f80000)
  from space 29184K, 99% used [0x0000000776500000,0x000000077815b870,0x0000000778180000)
  to   space 47104K, 0% used [0x0000000778d80000,0x0000000778d80000,0x000000077bb80000)
 ParOldGen       total 73728K, used 20884K [0x00000006c4e00000, 0x00000006c9600000, 0x000000076c500000)
  object space 73728K, 28% used [0x00000006c4e00000,0x00000006c6265328,0x00000006c9600000)
 Metaspace       used 13725K, capacity 13986K, committed 14208K, reserved 1062912K
  class space    used 1492K, capacity 1541K, committed 1664K, reserved 1048576K
GC Heap History (10 events):
Event: 502836.737 GC heap before
{Heap before GC invocations=453 (full 2):
 PSYoungGen      total 236544K, used 216982K [0x000000076c500000, 0x000000077e380000, 0x00000007c0000000)
  eden space 189952K, 98% used [0x000000076c500000,0x0000000777c92370,0x0000000777e80000)
  from space 46592K, 62% used [0x000000077b600000,0x000000077d253870,0x000000077e380000)
  to   space 51712K, 0% used [0x0000000777e80000,0x0000000777e80000,0x000000077b100000)
 ParOldGen       total 73728K, used 20572K [0x00000006c4e00000, 0x00000006c9600000, 0x000000076c500000)
  object space 73728K, 27% used [0x00000006c4e00000,0x00000006c62172c8,0x00000006c9600000)
 Metaspace       used 13717K, capacity 13986K, committed 14208K, reserved 1062912K
  class space    used 1492K, capacity 1541K, committed 1664K, reserved 1048576K
Event: 502836.740 GC heap after
Heap after GC invocations=453 (full 2):
 PSYoungGen      total 195584K, used 12454K [0x000000076c500000, 0x000000077d680000, 0x00000007c0000000)
  eden space 182784K, 0% used [0x000000076c500000,0x000000076c500000,0x0000000777780000)
  from space 12800K, 97% used [0x0000000777e80000,0x0000000778aa9830,0x0000000778b00000)
  to   space 48640K, 0% used [0x000000077a700000,0x000000077a700000,0x000000077d680000)
 ParOldGen       total 73728K, used 20660K [0x00000006c4e00000, 0x00000006c9600000, 0x000000076c500000)
  object space 73728K, 28% used [0x00000006c4e00000,0x00000006c622d2e8,0x00000006c9600000)
 Metaspace       used 13717K, capacity 13986K, committed 14208K, reserved 1062912K
  class space    used 1492K, capacity 1541K, committed 1664K, reserved 1048576K
}
Event: 503005.946 GC heap before
{Heap before GC invocations=454 (full 2):
 PSYoungGen      total 195584K, used 192234K [0x000000076c500000, 0x000000077d680000, 0x00000007c0000000)
  eden space 182784K, 98% used [0x000000076c500000,0x00000007774912f0,0x0000000777780000)
  from space 12800K, 97% used [0x0000000777e80000,0x0000000778aa9830,0x0000000778b00000)
  to   space 48640K, 0% used [0x000000077a700000,0x000000077a700000,0x000000077d680000)
 ParOldGen       total 73728K, used 20660K [0x00000006c4e00000, 0x00000006c9600000, 0x000000076c500000)
  object space 73728K, 28% used [0x00000006c4e00000,0x00000006c622d2e8,0x00000006c9600000)
 Metaspace       used 13723K, capacity 13986K, committed 14208K, reserved 1062912K
  class space    used 1492K, capacity 1541K, committed 1664K, reserved 1048576K
Event: 503005.951 GC heap after
Heap after GC invocations=454 (full 2):
 PSYoungGen      total 211968K, used 12534K [0x000000076c500000, 0x000000077ca00000, 0x00000007c0000000)
  eden space 176128K, 0% used [0x000000076c500000,0x000000076c500000,0x0000000777100000)
  from space 35840K, 34% used [0x000000077a700000,0x000000077b33d840,0x000000077ca00000)
  to   space 45568K, 0% used [0x0000000777100000,0x0000000777100000,0x0000000779d80000)
 ParOldGen       total 73728K, used 20676K [0x00000006c4e00000, 0x00000006c9600000, 0x000000076c500000)
  object space 73728K, 28% used [0x00000006c4e00000,0x00000006c62312e8,0x00000006c9600000)
 Metaspace       used 13723K, capacity 13986K, committed 14208K, reserved 1062912K
  class space    used 1492K, capacity 1541K, committed 1664K, reserved 1048576K
}
Event: 503007.395 GC heap before
{Heap before GC invocations=455 (full 2):
 PSYoungGen      total 211968K, used 185878K [0x000000076c500000, 0x000000077ca00000, 0x00000007c0000000)
  eden space 176128K, 98% used [0x000000076c500000,0x0000000776e482d8,0x0000000777100000)
  from space 35840K, 34% used [0x000000077a700000,0x000000077b33d840,0x000000077ca00000)
  to   space 45568K, 0% used [0x0000000777100000,0x0000000777100000,0x0000000779d80000)
 ParOldGen       total 73728K, used 20676K [0x00000006c4e00000, 0x00000006c9600000, 0x000000076c500000)
  object space 73728K, 28% used [0x00000006c4e00000,0x00000006c62312e8,0x00000006c9600000)
 Metaspace       used 13723K, capacity 13986K, committed 14208K, reserved 1062912K
  class space    used 1492K, capacity 1541K, committed 1664K, reserved 1048576K
Event: 503007.400 GC heap after
Heap after GC invocations=455 (full 2):
 PSYoungGen      total 182784K, used 12614K [0x000000076c500000, 0x000000077bf00000, 0x00000007c0000000)
  eden space 169984K, 0% used [0x000000076c500000,0x000000076c500000,0x0000000776b00000)
  from space 12800K, 98% used [0x0000000777100000,0x0000000777d51830,0x0000000777d80000)
  to   space 43008K, 0% used [0x0000000779500000,0x0000000779500000,0x000000077bf00000)
 ParOldGen       total 73728K, used 20788K [0x00000006c4e00000, 0x00000006c9600000, 0x000000076c500000)
  object space 73728K, 28% used [0x00000006c4e00000,0x00000006c624d308,0x00000006c9600000)
 Metaspace       used 13723K, capacity 13986K, committed 14208K, reserved 1062912K
  class space    used 1492K, capacity 1541K, committed 1664K, reserved 1048576K
}
Event: 503093.617 GC heap before
{Heap before GC invocations=456 (full 2):
 PSYoungGen      total 182784K, used 182598K [0x000000076c500000, 0x000000077bf00000, 0x00000007c0000000)
  eden space 169984K, 100% used [0x000000076c500000,0x0000000776b00000,0x0000000776b00000)
  from space 12800K, 98% used [0x0000000777100000,0x0000000777d51830,0x0000000777d80000)
  to   space 43008K, 0% used [0x0000000779500000,0x0000000779500000,0x000000077bf00000)
 ParOldGen       total 73728K, used 20788K [0x00000006c4e00000, 0x00000006c9600000, 0x000000076c500000)
  object space 73728K, 28% used [0x00000006c4e00000,0x00000006c624d308,0x00000006c9600000)
 Metaspace       used 13725K, capacity 13986K, committed 14208K, reserved 1062912K
  class space    used 1492K, capacity 1541K, committed 1664K, reserved 1048576K
Event: 503093.621 GC heap after
Heap after GC invocations=456 (full 2):
 PSYoungGen      total 205824K, used 29070K [0x000000076c500000, 0x000000077be00000, 0x00000007c0000000)
  eden space 163840K, 0% used [0x000000076c500000,0x000000076c500000,0x0000000776500000)
  from space 41984K, 69% used [0x0000000779500000,0x000000077b163870,0x000000077be00000)
  to   space 45568K, 0% used [0x0000000776500000,0x0000000776500000,0x0000000779180000)
 ParOldGen       total 73728K, used 20796K [0x00000006c4e00000, 0x00000006c9600000, 0x000000076c500000)
  object space 73728K, 28% used [0x00000006c4e00000,0x00000006c624f308,0x00000006c9600000)
 Metaspace       used 13725K, capacity 13986K, committed 14208K, reserved 1062912K
  class space    used 1492K, capacity 1541K, committed 1664K, reserved 1048576K
}
Event: 503094.970 GC heap before
{Heap before GC invocations=457 (full 2):
 PSYoungGen      total 205824K, used 192910K [0x000000076c500000, 0x000000077be00000, 0x00000007c0000000)
  eden space 163840K, 100% used [0x000000076c500000,0x0000000776500000,0x0000000776500000)
  from space 41984K, 69% used [0x0000000779500000,0x000000077b163870,0x000000077be00000)
  to   space 45568K, 0% used [0x0000000776500000,0x0000000776500000,0x0000000779180000)
 ParOldGen       total 73728K, used 20796K [0x00000006c4e00000, 0x00000006c9600000, 0x000000076c500000)
  object space 73728K, 28% used [0x00000006c4e00000,0x00000006c624f308,0x00000006c9600000)
 Metaspace       used 13725K, capacity 13986K, committed 14208K, reserved 1062912K
  class space    used 1492K, capacity 1541K, committed 1664K, reserved 1048576K
Event: 503094.974 GC heap after
Heap after GC invocations=457 (full 2):
 PSYoungGen      total 187392K, used 29038K [0x000000076c500000, 0x000000077bb80000, 0x00000007c0000000)
  eden space 158208K, 0% used [0x000000076c500000,0x000000076c500000,0x0000000775f80000)
  from space 29184K, 99% used [0x0000000776500000,0x000000077815b870,0x0000000778180000)
  to   space 47104K, 0% used [0x0000000778d80000,0x0000000778d80000,0x000000077bb80000)
 ParOldGen       total 73728K, used 20884K [0x00000006c4e00000, 0x00000006c9600000, 0x000000076c500000)
  object space 73728K, 28% used [0x00000006c4e00000,0x00000006c6265328,0x00000006c9600000)
 Metaspace       used 13725K, capacity 13986K, committed 14208K, reserved 1062912K
  class space    used 1492K, capacity 1541K, committed 1664K, reserved 1048576K
}

