# JRE version: Java(TM) SE Runtime Environment (8.0_421) (build 1.8.0_421-b09)
# Java VM: Java HotSpot(TM) 64-Bit Server VM (25.421-b09 mixed mode windows-amd64 compressed oops)
Heap:
 PSYoungGen      total 179200K, used 87806K [0x000000076c500000, 0x000000077e580000, 0x00000007c0000000)
  eden space 129024K, 48% used [0x000000076c500000,0x000000077027c840,0x0000000774300000)
  from space 50176K, 49% used [0x0000000774300000,0x0000000775b43060,0x0000000777400000)
  to   space 44544K, 0% used [0x000000077ba00000,0x000000077ba00000,0x000000077e580000)
 ParOldGen       total 127488K, used 18978K [0x00000006c4e00000, 0x00000006cca80000, 0x000000076c500000)
  object space 127488K, 14% used [0x00000006c4e00000,0x00000006c6088b78,0x00000006cca80000)
 Metaspace       used 12874K, capacity 13076K, committed 13440K, reserved 1060864K
  class space    used 1486K, capacity 1542K, committed 1664K, reserved 1048576K
GC Heap History (10 events):
Event: 9.123 GC heap before
{Heap before GC invocations=6 (full 0):
 PSYoungGen      total 75264K, used 75261K [0x000000076c500000, 0x000000077a900000, 0x00000007c0000000)
  eden space 64512K, 100% used [0x000000076c500000,0x0000000770400000,0x0000000770400000)
  from space 10752K, 99% used [0x0000000770400000,0x0000000770e7f538,0x0000000770e80000)
  to   space 52224K, 0% used [0x0000000777600000,0x0000000777600000,0x000000077a900000)
 ParOldGen       total 172032K, used 121374K [0x00000006c4e00000, 0x00000006cf600000, 0x000000076c500000)
  object space 172032K, 70% used [0x00000006c4e00000,0x00000006cc4879e0,0x00000006cf600000)
 Metaspace       used 12747K, capacity 12948K, committed 13184K, reserved 1060864K
  class space    used 1481K, capacity 1542K, committed 1664K, reserved 1048576K
Event: 9.140 GC heap after
Heap after GC invocations=6 (full 0):
 PSYoungGen      total 177152K, used 31310K [0x000000076c500000, 0x000000077a500000, 0x00000007c0000000)
  eden space 129024K, 0% used [0x000000076c500000,0x000000076c500000,0x0000000774300000)
  from space 48128K, 65% used [0x0000000777600000,0x00000007794938d0,0x000000077a500000)
  to   space 50176K, 0% used [0x0000000774300000,0x0000000774300000,0x0000000777400000)
 ParOldGen       total 172032K, used 121382K [0x00000006c4e00000, 0x00000006cf600000, 0x000000076c500000)
  object space 172032K, 70% used [0x00000006c4e00000,0x00000006cc4899e0,0x00000006cf600000)
 Metaspace       used 12747K, capacity 12948K, committed 13184K, reserved 1060864K
  class space    used 1481K, capacity 1542K, committed 1664K, reserved 1048576K
}
Event: 280.026 GC heap before
{Heap before GC invocations=7 (full 0):
 PSYoungGen      total 177152K, used 160334K [0x000000076c500000, 0x000000077a500000, 0x00000007c0000000)
  eden space 129024K, 100% used [0x000000076c500000,0x0000000774300000,0x0000000774300000)
  from space 48128K, 65% used [0x0000000777600000,0x00000007794938d0,0x000000077a500000)
  to   space 50176K, 0% used [0x0000000774300000,0x0000000774300000,0x0000000777400000)
 ParOldGen       total 172032K, used 121382K [0x00000006c4e00000, 0x00000006cf600000, 0x000000076c500000)
  object space 172032K, 70% used [0x00000006c4e00000,0x00000006cc4899e0,0x00000006cf600000)
 Metaspace       used 12871K, capacity 13076K, committed 13440K, reserved 1060864K
  class space    used 1486K, capacity 1542K, committed 1664K, reserved 1048576K
Event: 280.033 GC heap after
Heap after GC invocations=7 (full 0):
 PSYoungGen      total 179200K, used 29070K [0x000000076c500000, 0x000000077a500000, 0x00000007c0000000)
  eden space 129024K, 0% used [0x000000076c500000,0x000000076c500000,0x0000000774300000)
  from space 50176K, 57% used [0x0000000774300000,0x0000000775f63870,0x0000000777400000)
  to   space 48128K, 0% used [0x0000000777600000,0x0000000777600000,0x000000077a500000)
 ParOldGen       total 172032K, used 123776K [0x00000006c4e00000, 0x00000006cf600000, 0x000000076c500000)
  object space 172032K, 71% used [0x00000006c4e00000,0x00000006cc6e0278,0x00000006cf600000)
 Metaspace       used 12871K, capacity 13076K, committed 13440K, reserved 1060864K
  class space    used 1486K, capacity 1542K, committed 1664K, reserved 1048576K
}
Event: 281.019 GC heap before
{Heap before GC invocations=8 (full 0):
 PSYoungGen      total 179200K, used 158094K [0x000000076c500000, 0x000000077a500000, 0x00000007c0000000)
  eden space 129024K, 100% used [0x000000076c500000,0x0000000774300000,0x0000000774300000)
  from space 50176K, 57% used [0x0000000774300000,0x0000000775f63870,0x0000000777400000)
  to   space 48128K, 0% used [0x0000000777600000,0x0000000777600000,0x000000077a500000)
 ParOldGen       total 172032K, used 123776K [0x00000006c4e00000, 0x00000006cf600000, 0x000000076c500000)
  object space 172032K, 71% used [0x00000006c4e00000,0x00000006cc6e0278,0x00000006cf600000)
 Metaspace       used 12874K, capacity 13076K, committed 13440K, reserved 1060864K
  class space    used 1486K, capacity 1542K, committed 1664K, reserved 1048576K
Event: 281.027 GC heap after
Heap after GC invocations=8 (full 0):
 PSYoungGen      total 177152K, used 24908K [0x000000076c500000, 0x000000077a500000, 0x00000007c0000000)
  eden space 129024K, 0% used [0x000000076c500000,0x000000076c500000,0x0000000774300000)
  from space 48128K, 51% used [0x0000000777600000,0x0000000778e53060,0x000000077a500000)
  to   space 50176K, 0% used [0x0000000774300000,0x0000000774300000,0x0000000777400000)
 ParOldGen       total 172032K, used 140200K [0x00000006c4e00000, 0x00000006cf600000, 0x000000076c500000)
  object space 172032K, 81% used [0x00000006c4e00000,0x00000006cd6ea2b8,0x00000006cf600000)
 Metaspace       used 12874K, capacity 13076K, committed 13440K, reserved 1060864K
  class space    used 1486K, capacity 1542K, committed 1664K, reserved 1048576K
}
Event: 281.030 GC heap before
{Heap before GC invocations=9 (full 1):
 PSYoungGen      total 177152K, used 24908K [0x000000076c500000, 0x000000077a500000, 0x00000007c0000000)
  eden space 129024K, 0% used [0x000000076c500000,0x000000076c500000,0x0000000774300000)
  from space 48128K, 51% used [0x0000000777600000,0x0000000778e53060,0x000000077a500000)
  to   space 50176K, 0% used [0x0000000774300000,0x0000000774300000,0x0000000777400000)
 ParOldGen       total 172032K, used 140200K [0x00000006c4e00000, 0x00000006cf600000, 0x000000076c500000)
  object space 172032K, 81% used [0x00000006c4e00000,0x00000006cd6ea2b8,0x00000006cf600000)
 Metaspace       used 12874K, capacity 13076K, committed 13440K, reserved 1060864K
  class space    used 1486K, capacity 1542K, committed 1664K, reserved 1048576K
Event: 281.060 GC heap after
Heap after GC invocations=9 (full 1):
 PSYoungGen      total 177152K, used 0K [0x000000076c500000, 0x000000077a500000, 0x00000007c0000000)
  eden space 129024K, 0% used [0x000000076c500000,0x000000076c500000,0x0000000774300000)
  from space 48128K, 0% used [0x0000000777600000,0x0000000777600000,0x000000077a500000)
  to   space 50176K, 0% used [0x0000000774300000,0x0000000774300000,0x0000000777400000)
 ParOldGen       total 127488K, used 18978K [0x00000006c4e00000, 0x00000006cca80000, 0x000000076c500000)
  object space 127488K, 14% used [0x00000006c4e00000,0x00000006c6088b78,0x00000006cca80000)
 Metaspace       used 12874K, capacity 13076K, committed 13440K, reserved 1060864K
  class space    used 1486K, capacity 1542K, committed 1664K, reserved 1048576K
}
Event: 282.018 GC heap before
{Heap before GC invocations=10 (full 1):
 PSYoungGen      total 177152K, used 129024K [0x000000076c500000, 0x000000077a500000, 0x00000007c0000000)
  eden space 129024K, 100% used [0x000000076c500000,0x0000000774300000,0x0000000774300000)
  from space 48128K, 0% used [0x0000000777600000,0x0000000777600000,0x000000077a500000)
  to   space 50176K, 0% used [0x0000000774300000,0x0000000774300000,0x0000000777400000)
 ParOldGen       total 127488K, used 18978K [0x00000006c4e00000, 0x00000006cca80000, 0x000000076c500000)
  object space 127488K, 14% used [0x00000006c4e00000,0x00000006c6088b78,0x00000006cca80000)
 Metaspace       used 12874K, capacity 13076K, committed 13440K, reserved 1060864K
  class space    used 1486K, capacity 1542K, committed 1664K, reserved 1048576K
Event: 282.022 GC heap after
Heap after GC invocations=10 (full 1):
 PSYoungGen      total 179200K, used 24844K [0x000000076c500000, 0x000000077e580000, 0x00000007c0000000)
  eden space 129024K, 0% used [0x000000076c500000,0x000000076c500000,0x0000000774300000)
  from space 50176K, 49% used [0x0000000774300000,0x0000000775b43060,0x0000000777400000)
  to   space 44544K, 0% used [0x000000077ba00000,0x000000077ba00000,0x000000077e580000)
 ParOldGen       total 127488K, used 18978K [0x00000006c4e00000, 0x00000006cca80000, 0x000000076c500000)
  object space 127488K, 14% used [0x00000006c4e00000,0x00000006c6088b78,0x00000006cca80000)
 Metaspace       used 12874K, capacity 13076K, committed 13440K, reserved 1060864K
  class space    used 1486K, capacity 1542K, committed 1664K, reserved 1048576K
}

